Arguments: 
  /usr/local/Cellar/node/8.9.1/bin/node /usr/local/Cellar/yarn/1.3.2/libexec/bin/yarn.js

PATH: 
  /Users/andrew/.rvm/gems/ruby-2.4.1/bin:/Users/andrew/.rvm/gems/ruby-2.4.1@global/bin:/Users/andrew/.rvm/rubies/ruby-2.4.1/bin:/Users/andrew/.cargo/bin:/usr/local/bin:/usr/bin:/bin:/usr/sbin:/sbin:/Users/andrew/.rvm/bin

Yarn version: 
  1.3.2

Node version: 
  8.9.1

Platform: 
  darwin x64

npm manifest: 
  {
    "name": "omnisone",
    "version": "1.0.0",
    "main": "app.js",
    "license": "MIT",
    "dependencies": {
      "body-parser": "^1.18.1",
      "cors": "^2.8.4",
      "express": "^4.15.4",
      "randomstring": "^1.1.5",
    }
  }

yarn manifest: 
  No manifest

Lockfile: 
  No lockfile

Trace: 
  SyntaxError: /Users/andrew/Documents/Projects/Omnisone/server/package.json: Unexpected token } in JSON at position 216
      at JSON.parse (<anonymous>)
      at /usr/local/Cellar/yarn/1.3.2/libexec/lib/cli.js:770:59
      at Generator.next (<anonymous>)
      at step (/usr/local/Cellar/yarn/1.3.2/libexec/lib/cli.js:92:30)
      at /usr/local/Cellar/yarn/1.3.2/libexec/lib/cli.js:103:13
      at <anonymous>
